{
  "Unit Tests": {
    "coverage": {
      "/Users/mikobautista/Documents/67272/Phase 3/Creamery/app/controllers/application_controller.rb": [
        1,
        null,
        1,
        1,
        0,
        0,
        null,
        null,
        1,
        null,
        1,
        0,
        null,
        null,
        1,
        null,
        1,
        0,
        null,
        null,
        1,
        0,
        0,
        null,
        null,
        null
      ],
      "/Users/mikobautista/Documents/67272/Phase 3/Creamery/app/helpers/application_helper.rb": [
        1,
        null
      ],
      "/Users/mikobautista/Documents/67272/Phase 3/Creamery/app/helpers/assignments_helper.rb": [
        1,
        null
      ],
      "/Users/mikobautista/Documents/67272/Phase 3/Creamery/app/helpers/employees_helper.rb": [
        1,
        null
      ],
      "/Users/mikobautista/Documents/67272/Phase 3/Creamery/app/helpers/home_helper.rb": [
        1,
        null
      ],
      "/Users/mikobautista/Documents/67272/Phase 3/Creamery/app/helpers/jobs_helper.rb": [
        1,
        null
      ],
      "/Users/mikobautista/Documents/67272/Phase 3/Creamery/app/helpers/sessions_helper.rb": [
        1,
        null
      ],
      "/Users/mikobautista/Documents/67272/Phase 3/Creamery/app/helpers/shifts_helper.rb": [
        1,
        null
      ],
      "/Users/mikobautista/Documents/67272/Phase 3/Creamery/app/helpers/stores_helper.rb": [
        1,
        null
      ],
      "/Users/mikobautista/Documents/67272/Phase 3/Creamery/app/helpers/users_helper.rb": [
        1,
        null
      ],
      "/Users/mikobautista/Documents/67272/Phase 3/Creamery/app/controllers/assignments_controller.rb": [
        1,
        null,
        1,
        1,
        null,
        1,
        null,
        0,
        null,
        null,
        1,
        null,
        0,
        null,
        null,
        1,
        0,
        0,
        null,
        0,
        null,
        0,
        null,
        0,
        0,
        0,
        null,
        null,
        null,
        1,
        0,
        null,
        null,
        1,
        0,
        0,
        0,
        0,
        null,
        0,
        null,
        null,
        null,
        1,
        0,
        0,
        0,
        0,
        null,
        0,
        null,
        null,
        null,
        1,
        0,
        0,
        0,
        0,
        null,
        null
      ],
      "/Users/mikobautista/Documents/67272/Phase 3/Creamery/app/models/assignment.rb": [
        1,
        null,
        1,
        null,
        null,
        1,
        1,
        1,
        null,
        null,
        1,
        152,
        50,
        1,
        1,
        null,
        null,
        1,
        1,
        1,
        1,
        1,
        7,
        7,
        5,
        3,
        null,
        null,
        1,
        2,
        null,
        null,
        1,
        0,
        0,
        0,
        null,
        0,
        null,
        null,
        null,
        1,
        1,
        142,
        142,
        141,
        null,
        1,
        null,
        null,
        null,
        1,
        802,
        164,
        17,
        null,
        null,
        null,
        1,
        394,
        164,
        17,
        null,
        null,
        null,
        null
      ],
      "/Users/mikobautista/Documents/67272/Phase 3/Creamery/app/controllers/employees_controller.rb": [
        1,
        null,
        1,
        1,
        null,
        1,
        0,
        0,
        0,
        0,
        null,
        0,
        null,
        null,
        null,
        1,
        null,
        0,
        null,
        null,
        1,
        0,
        null,
        null,
        1,
        0,
        null,
        null,
        1,
        0,
        0,
        0,
        0,
        null,
        0,
        null,
        null,
        null,
        1,
        0,
        0,
        0,
        0,
        null,
        0,
        null,
        null,
        null,
        1,
        0,
        0,
        0,
        0,
        null,
        null
      ],
      "/Users/mikobautista/Documents/67272/Phase 3/Creamery/app/models/employee.rb": [
        1,
        null,
        1,
        1,
        null,
        null,
        1,
        1,
        1,
        1,
        null,
        null,
        1,
        234,
        1,
        1,
        1,
        1,
        null,
        null,
        1,
        1,
        1,
        1,
        1,
        1,
        1,
        1,
        1,
        1,
        null,
        null,
        1,
        4,
        null,
        null,
        1,
        1,
        null,
        null,
        1,
        1,
        null,
        null,
        1,
        162,
        null,
        null,
        144,
        2,
        null,
        null,
        1,
        2,
        null,
        null,
        1,
        3,
        null,
        null,
        1,
        0,
        0,
        0,
        null,
        0,
        null,
        null,
        null,
        1,
        null,
        null,
        null,
        null,
        1,
        1,
        228,
        228,
        228,
        null,
        1,
        261,
        261,
        261,
        null,
        null
      ],
      "/Users/mikobautista/Documents/67272/Phase 3/Creamery/app/controllers/home_controller.rb": [
        1,
        null,
        1,
        0,
        0,
        0,
        0,
        null,
        0,
        0,
        0,
        null,
        0,
        0,
        0,
        null,
        null,
        null,
        null,
        1,
        0,
        0,
        0,
        null,
        null,
        1,
        0,
        0,
        null,
        null
      ],
      "/Users/mikobautista/Documents/67272/Phase 3/Creamery/app/controllers/jobs_controller.rb": [
        1,
        null,
        1,
        1,
        null,
        1,
        null,
        0,
        null,
        null,
        1,
        null,
        0,
        null,
        null,
        1,
        0,
        null,
        null,
        1,
        0,
        null,
        null,
        1,
        0,
        0,
        0,
        0,
        null,
        0,
        null,
        null,
        null,
        1,
        0,
        0,
        0,
        0,
        null,
        0,
        null,
        null,
        null,
        1,
        0,
        0,
        0,
        0,
        null,
        null
      ],
      "/Users/mikobautista/Documents/67272/Phase 3/Creamery/app/models/job.rb": [
        1,
        null,
        null,
        null,
        1,
        1,
        null,
        null,
        null,
        null,
        1,
        null,
        null,
        null,
        null,
        1,
        null,
        null,
        1,
        null,
        null,
        1,
        null,
        null
      ],
      "/Users/mikobautista/Documents/67272/Phase 3/Creamery/app/controllers/sessions_controller.rb": [
        1,
        1,
        null,
        null,
        1,
        0,
        0,
        0,
        0,
        null,
        0,
        0,
        null,
        null,
        null,
        1,
        0,
        0,
        null,
        null
      ],
      "/Users/mikobautista/Documents/67272/Phase 3/Creamery/app/controllers/shifts_controller.rb": [
        1,
        null,
        1,
        1,
        null,
        1,
        null,
        0,
        null,
        null,
        1,
        null,
        0,
        0,
        null,
        null,
        1,
        0,
        0,
        null,
        0,
        null,
        0,
        0,
        0,
        null,
        null,
        null,
        1,
        0,
        null,
        null,
        1,
        0,
        0,
        0,
        0,
        null,
        0,
        null,
        null,
        null,
        1,
        0,
        0,
        0,
        0,
        null,
        0,
        null,
        null,
        null,
        1,
        0,
        0,
        0,
        0,
        null,
        null
      ],
      "/Users/mikobautista/Documents/67272/Phase 3/Creamery/app/models/shift.rb": [
        1,
        null,
        1,
        null,
        null,
        null,
        1,
        1,
        1,
        1,
        1,
        null,
        1,
        null,
        null,
        null,
        null,
        1,
        null,
        null,
        1,
        null,
        null,
        1,
        null,
        null,
        1,
        null,
        null,
        1,
        1,
        null,
        null,
        null,
        null,
        null,
        1,
        null,
        null,
        1,
        null,
        null,
        4,
        null,
        null,
        7,
        null,
        null,
        3,
        null,
        null,
        1,
        null,
        null,
        1,
        null,
        null,
        2,
        null,
        null,
        2,
        null,
        null,
        1,
        null,
        null,
        1,
        null,
        null,
        1,
        null,
        null,
        null,
        1,
        null,
        6,
        null,
        3,
        1,
        null,
        2,
        null,
        null,
        1,
        0,
        0,
        null,
        null,
        1,
        0,
        0,
        0,
        0,
        0,
        null,
        0,
        null,
        null,
        null,
        null,
        null,
        1,
        1,
        null,
        155,
        null,
        57,
        8,
        8,
        null,
        49,
        null,
        null,
        1,
        48,
        null,
        null,
        null
      ],
      "/Users/mikobautista/Documents/67272/Phase 3/Creamery/app/models/shift_job.rb": [
        1,
        1,
        null,
        null,
        null,
        1,
        1,
        null,
        null,
        null,
        1,
        1,
        null,
        1,
        null,
        null,
        null,
        null,
        1,
        30,
        30,
        30,
        30,
        30,
        30,
        30,
        29,
        null,
        1,
        1,
        null,
        null,
        null,
        1,
        32,
        16,
        1,
        null,
        null,
        null,
        null
      ],
      "/Users/mikobautista/Documents/67272/Phase 3/Creamery/app/controllers/stores_controller.rb": [
        1,
        null,
        1,
        1,
        null,
        1,
        null,
        0,
        null,
        null,
        1,
        null,
        0,
        0,
        null,
        null,
        1,
        0,
        null,
        null,
        1,
        0,
        null,
        null,
        1,
        0,
        0,
        0,
        0,
        null,
        0,
        null,
        null,
        null,
        1,
        0,
        0,
        0,
        0,
        null,
        0,
        null,
        null,
        null,
        1,
        0,
        0,
        0,
        0,
        0,
        null,
        null
      ],
      "/Users/mikobautista/Documents/67272/Phase 3/Creamery/app/models/store.rb": [
        1,
        null,
        1,
        null,
        null,
        null,
        1,
        1,
        1,
        null,
        null,
        null,
        1,
        null,
        1,
        null,
        1,
        null,
        1,
        null,
        1,
        null,
        null,
        1,
        1,
        1,
        null,
        null,
        null,
        1,
        null,
        1,
        0,
        0,
        0,
        null,
        0,
        null,
        null,
        1,
        0,
        null,
        null,
        1,
        0,
        0,
        0,
        0,
        0,
        null,
        0,
        null,
        null,
        null,
        null,
        null,
        1,
        null,
        1,
        96,
        96,
        96,
        null,
        null,
        1,
        0,
        0,
        0,
        null,
        0,
        null,
        null,
        null,
        null,
        null
      ],
      "/Users/mikobautista/Documents/67272/Phase 3/Creamery/app/controllers/users_controller.rb": [
        1,
        null,
        1,
        1,
        null,
        null,
        null,
        1,
        0,
        null,
        0,
        0,
        0,
        null,
        null,
        null,
        null,
        null,
        1,
        0,
        null,
        0,
        0,
        0,
        null,
        null,
        null,
        null,
        null,
        1,
        0,
        null,
        0,
        0,
        0,
        null,
        null,
        null,
        null,
        1,
        0,
        null,
        null,
        null,
        null,
        1,
        0,
        null,
        0,
        0,
        null,
        null,
        null,
        0,
        0,
        null,
        0,
        0,
        null,
        null,
        null,
        null,
        null,
        null,
        1,
        0,
        null,
        0,
        0,
        0,
        0,
        null,
        0,
        0,
        null,
        null,
        null,
        null,
        null,
        null,
        1,
        0,
        0,
        0,
        0,
        null,
        null
      ],
      "/Users/mikobautista/Documents/67272/Phase 3/Creamery/app/models/user.rb": [
        1,
        null,
        1,
        null,
        1,
        1,
        null,
        null,
        1,
        null,
        1,
        1,
        1,
        1,
        1,
        1,
        null,
        null,
        1,
        null,
        1,
        1,
        null,
        null,
        1,
        1,
        null,
        null,
        null,
        1,
        16,
        10,
        6,
        6,
        null,
        4,
        null,
        null,
        1,
        0,
        0,
        null,
        null,
        1,
        4,
        null,
        null,
        1,
        null,
        1,
        4,
        4,
        4,
        null,
        null,
        null
      ],
      "/Users/mikobautista/Documents/67272/Phase 3/Creamery/app/models/ability.rb": [
        1,
        1,
        null,
        1,
        0,
        0,
        0,
        null,
        0,
        0,
        0,
        null,
        0,
        0,
        null,
        0,
        0,
        null,
        null,
        0,
        0,
        0,
        0,
        null,
        0,
        0,
        null,
        null,
        null,
        null,
        null
      ]
    },
    "timestamp": 1334470782
  },
  "RSpec": {
    "coverage": {
      "/Users/lheimann/67-272-S12/project_2012/creamery_2012/app/models/assignment.rb": [
        1,
        null,
        1,
        null,
        null,
        1,
        1,
        null,
        null,
        1,
        99,
        42,
        1,
        1,
        null,
        null,
        1,
        1,
        1,
        5,
        5,
        5,
        3,
        null,
        null,
        1,
        null,
        1,
        89,
        89,
        88,
        null,
        1,
        null,
        null,
        null,
        null,
        1,
        586,
        111,
        17,
        null,
        null,
        null,
        1,
        273,
        111,
        17,
        null,
        null,
        null
      ],
      "/Users/lheimann/67-272-S12/project_2012/creamery_2012/app/models/employee.rb": [
        1,
        null,
        1,
        1,
        null,
        null,
        1,
        1,
        null,
        null,
        1,
        162,
        1,
        1,
        1,
        1,
        null,
        null,
        1,
        1,
        1,
        1,
        1,
        1,
        1,
        1,
        null,
        null,
        1,
        1,
        null,
        null,
        1,
        106,
        null,
        null,
        91,
        2,
        null,
        null,
        1,
        2,
        null,
        null,
        1,
        3,
        null,
        null,
        null,
        1,
        null,
        null,
        null,
        null,
        1,
        1,
        156,
        156,
        156,
        null,
        1,
        189,
        189,
        189,
        null,
        null
      ],
      "/Users/lheimann/67-272-S12/project_2012/creamery_2012/app/models/store.rb": [
        1,
        null,
        1,
        null,
        null,
        1,
        1,
        null,
        null,
        null,
        null,
        1,
        null,
        1,
        null,
        1,
        null,
        1,
        null,
        1,
        null,
        null,
        1,
        1,
        1,
        null,
        null,
        null,
        1,
        null,
        null,
        null,
        1,
        null,
        1,
        68,
        68,
        68,
        null,
        null,
        null
      ]
    },
    "timestamp": 1330811298
  }
}
